<?xml version="1.0" encoding="UTF-8"?>
<!-- Generated by org.testng.reporters.JUnitXMLReporter -->
<testsuite ignored="0" hostname="WIN-8N2F4M2" failures="0" tests="3" name="ChromeTest" time="51.14" errors="0" timestamp="2024-02-20T23:22:39 IST">
  <testcase classname="chandu.TestScenario_1" name="testScenarioone" time="5.576"/>
  <testcase classname="chandu.TestScenario_2" name="testScenariotwo" time="5.094"/>
  <testcase classname="chandu.TestScenario_3" name="testScenariothree" time="11.753"/>
</testsuite> <!-- ChromeTest -->
