<?xml version="1.0" encoding="UTF-8"?>
<testng-results ignored="0" total="1" passed="1" failed="0" skipped="0">
  <reporter-output>
  </reporter-output>
  <suite started-at="2024-02-21T23:24:48 IST" name="Default suite" finished-at="2024-02-21T23:25:12 IST" duration-ms="23254">
    <groups>
    </groups>
    <test started-at="2024-02-21T23:24:48 IST" name="Default test" finished-at="2024-02-21T23:25:12 IST" duration-ms="23254">
      <class name="chandu.TestScenario_2">
        <test-method is-config="true" signature="setup()[pri:0, instance:chandu.TestScenario_2@619713e5]" started-at="2024-02-21T23:24:48 IST" name="setup" finished-at="2024-02-21T23:25:09 IST" duration-ms="20645" status="PASS">
          <reporter-output>
          </reporter-output>
        </test-method> <!-- setup -->
        <test-method signature="testScenariotwo()[pri:0, instance:chandu.TestScenario_2@619713e5]" started-at="2024-02-21T23:25:09 IST" name="testScenariotwo" finished-at="2024-02-21T23:25:11 IST" duration-ms="1766" status="PASS">
          <reporter-output>
          </reporter-output>
        </test-method> <!-- testScenariotwo -->
        <test-method is-config="true" signature="tearDown()[pri:0, instance:chandu.TestScenario_2@619713e5]" started-at="2024-02-21T23:25:11 IST" name="tearDown" finished-at="2024-02-21T23:25:12 IST" duration-ms="760" status="PASS">
          <reporter-output>
          </reporter-output>
        </test-method> <!-- tearDown -->
      </class> <!-- chandu.TestScenario_2 -->
    </test> <!-- Default test -->
  </suite> <!-- Default suite -->
</testng-results>
